<?xml version="1.0" encoding="UTF-8"?>
<testsuite xmlns:xsi="http://www.w3.org/2001/XMLSchema-instance" xsi:noNamespaceSchemaLocation="https://maven.apache.org/surefire/maven-surefire-plugin/xsd/surefire-test-report-3.0.xsd" version="3.0" name="service.ExpenseManagerTest" time="0.079" tests="3" errors="0" skipped="0" failures="0">
  <properties>
[...]
</properties>
  <testcase name="testTotalExpense" classname="service.ExpenseManagerTest" time="0.047"/>
  <testcase name="testHighestAndLowestCategory" classname="service.ExpenseManagerTest" time="0.005"/>
  <testcase name="testExpenseByCategory" classname="service.ExpenseManagerTest" time="0.001"/>
</testsuite>